(0000) 3000  0011000000000000 (  17)                 .ORIG x3000
(3000) 48E9  0100100011101001 (  22)                 JSR   INIT
(3001) 4923  0100100100100011 (  24) ROUND           JSR   DISPLAY_BOARD
(3002) 484E  0100100001001110 (  25)                 JSR   GET_MOVE
(3003) 487A  0100100001111010 (  26)                 JSR   UPDATE_BOARD
(3004) 48C5  0100100011000101 (  27)                 JSR   UPDATE_STATE
(3005) 1DA0  0001110110100000 (  29)                 ADD   R6 R6 #0
(3006) 05FA  0000010111111010 (  30)                 BRZ   ROUND
(3007) 491D  0100100100011101 (  32)                 JSR   DISPLAY_BOARD
(3008) 4965  0100100101100101 (  33)                 JSR   GAME_OVER
(3009) F025  1111000000100101 (  35)                 TRAP  x25
(300A) 3044  0011000001000100 (  49) DISPLAY_TURN    ST    R0 DT_R0
(300B) 3E44  0011111001000100 (  50)                 ST    R7 DT_R7
(300C) 20E8  0010000011101000 (  52)                 LD    R0 TURN
(300D) 103F  0001000000111111 (  53)                 ADD   R0 R0 #-1
(300E) 0203  0000001000000011 (  54)                 BRP   DT_P2
(300F) E007  1110000000000111 (  55)                 LEA   R0 DT_P1_PROMPT
(3010) F022  1111000000100010 (  56)                 TRAP  x22
(3011) 0E02  0000111000000010 (  57)                 BRNZP DT_DONE
(3012) E020  1110000000100000 (  59) DT_P2           LEA   R0 DT_P2_PROMPT
(3013) F022  1111000000100010 (  60)                 TRAP  x22
(3014) 203A  0010000000111010 (  64) DT_DONE         LD    R0 DT_R0
(3015) 2E3A  0010111000111010 (  65)                 LD    R7 DT_R7
(3016) C1C0  1100000111000000 (  67)                 RET   
(3017) 0050  0000000001010000 (  68) DT_P1_PROMPT    .FILL x0050
(3018) 006C  0000000001101100 (  68)                 .FILL x006C
(3019) 0061  0000000001100001 (  68)                 .FILL x0061
(301A) 0079  0000000001111001 (  68)                 .FILL x0079
(301B) 0065  0000000001100101 (  68)                 .FILL x0065
(301C) 0072  0000000001110010 (  68)                 .FILL x0072
(301D) 0020  0000000000100000 (  68)                 .FILL x0020
(301E) 0031  0000000000110001 (  68)                 .FILL x0031
(301F) 002C  0000000000101100 (  68)                 .FILL x002C
(3020) 0020  0000000000100000 (  68)                 .FILL x0020
(3021) 0063  0000000001100011 (  68)                 .FILL x0063
(3022) 0068  0000000001101000 (  68)                 .FILL x0068
(3023) 006F  0000000001101111 (  68)                 .FILL x006F
(3024) 006F  0000000001101111 (  68)                 .FILL x006F
(3025) 0073  0000000001110011 (  68)                 .FILL x0073
(3026) 0065  0000000001100101 (  68)                 .FILL x0065
(3027) 0020  0000000000100000 (  68)                 .FILL x0020
(3028) 0061  0000000001100001 (  68)                 .FILL x0061
(3029) 0020  0000000000100000 (  68)                 .FILL x0020
(302A) 0063  0000000001100011 (  68)                 .FILL x0063
(302B) 006F  0000000001101111 (  68)                 .FILL x006F
(302C) 006C  0000000001101100 (  68)                 .FILL x006C
(302D) 0075  0000000001110101 (  68)                 .FILL x0075
(302E) 006D  0000000001101101 (  68)                 .FILL x006D
(302F) 006E  0000000001101110 (  68)                 .FILL x006E
(3030) 003A  0000000000111010 (  68)                 .FILL x003A
(3031) 0020  0000000000100000 (  68)                 .FILL x0020
(3032) 0000  0000000000000000 (  68)                 .FILL x0000
(3033) 0050  0000000001010000 (  69) DT_P2_PROMPT    .FILL x0050
(3034) 006C  0000000001101100 (  69)                 .FILL x006C
(3035) 0061  0000000001100001 (  69)                 .FILL x0061
(3036) 0079  0000000001111001 (  69)                 .FILL x0079
(3037) 0065  0000000001100101 (  69)                 .FILL x0065
(3038) 0072  0000000001110010 (  69)                 .FILL x0072
(3039) 0020  0000000000100000 (  69)                 .FILL x0020
(303A) 0032  0000000000110010 (  69)                 .FILL x0032
(303B) 002C  0000000000101100 (  69)                 .FILL x002C
(303C) 0020  0000000000100000 (  69)                 .FILL x0020
(303D) 0063  0000000001100011 (  69)                 .FILL x0063
(303E) 0068  0000000001101000 (  69)                 .FILL x0068
(303F) 006F  0000000001101111 (  69)                 .FILL x006F
(3040) 006F  0000000001101111 (  69)                 .FILL x006F
(3041) 0073  0000000001110011 (  69)                 .FILL x0073
(3042) 0065  0000000001100101 (  69)                 .FILL x0065
(3043) 0020  0000000000100000 (  69)                 .FILL x0020
(3044) 0061  0000000001100001 (  69)                 .FILL x0061
(3045) 0020  0000000000100000 (  69)                 .FILL x0020
(3046) 0063  0000000001100011 (  69)                 .FILL x0063
(3047) 006F  0000000001101111 (  69)                 .FILL x006F
(3048) 006C  0000000001101100 (  69)                 .FILL x006C
(3049) 0075  0000000001110101 (  69)                 .FILL x0075
(304A) 006D  0000000001101101 (  69)                 .FILL x006D
(304B) 006E  0000000001101110 (  69)                 .FILL x006E
(304C) 003A  0000000000111010 (  69)                 .FILL x003A
(304D) 0020  0000000000100000 (  69)                 .FILL x0020
(304E) 0000  0000000000000000 (  69)                 .FILL x0000
(304F) 0000  0000000000000000 (  71) DT_R0           .FILL x0000
(3050) 0000  0000000000000000 (  82) DT_R7           .FILL x0000
(3051) 302A  0011000000101010 (  83) GET_MOVE        ST    R0 GM_R0
(3052) 3E2A  0011111000101010 (  84)                 ST    R7 GM_R7
(3053) 4FB6  0100111110110110 (  87) GM_REPEAT       JSR   DISPLAY_TURN
(3054) F020  1111000000100000 (  88)                 TRAP  x20
(3055) F021  1111000000100001 (  89)                 TRAP  x21
(3056) 4955  0100100101010101 (  90)                 JSR   CHECK_VALID
(3057) 209C  0010000010011100 (  91)                 LD    R0 ASCII_NEWLINE
(3058) F021  1111000000100001 (  92)                 TRAP  x21
(3059) 1DA0  0001110110100000 (  94)                 ADD   R6 R6 #0
(305A) 0205  0000001000000101 (  95)                 BRP   GM_VALID
(305B) E007  1110000000000111 (  97)                 LEA   R0 GM_INVALID_PROMPT
(305C) F022  1111000000100010 (  98)                 TRAP  x22
(305D) 2096  0010000010010110 (  99)                 LD    R0 ASCII_NEWLINE
(305E) F021  1111000000100001 ( 100)                 TRAP  x21
(305F) 0FF3  0000111111110011 ( 101)                 BRNZP GM_REPEAT
(3060) 201B  0010000000011011 ( 105) GM_VALID        LD    R0 GM_R0
(3061) 2E1B  0010111000011011 ( 106)                 LD    R7 GM_R7
(3062) C1C0  1100000111000000 ( 108)                 RET   
(3063) 0049  0000000001001001 ( 109) GM_INVALID_PROMPT .FILL x0049
(3064) 006E  0000000001101110 ( 109)                 .FILL x006E
(3065) 0076  0000000001110110 ( 109)                 .FILL x0076
(3066) 0061  0000000001100001 ( 109)                 .FILL x0061
(3067) 006C  0000000001101100 ( 109)                 .FILL x006C
(3068) 0069  0000000001101001 ( 109)                 .FILL x0069
(3069) 0064  0000000001100100 ( 109)                 .FILL x0064
(306A) 0020  0000000000100000 ( 109)                 .FILL x0020
(306B) 006D  0000000001101101 ( 109)                 .FILL x006D
(306C) 006F  0000000001101111 ( 109)                 .FILL x006F
(306D) 0076  0000000001110110 ( 109)                 .FILL x0076
(306E) 0065  0000000001100101 ( 109)                 .FILL x0065
(306F) 002E  0000000000101110 ( 109)                 .FILL x002E
(3070) 0020  0000000000100000 ( 109)                 .FILL x0020
(3071) 0054  0000000001010100 ( 109)                 .FILL x0054
(3072) 0072  0000000001110010 ( 109)                 .FILL x0072
(3073) 0079  0000000001111001 ( 109)                 .FILL x0079
(3074) 0020  0000000000100000 ( 109)                 .FILL x0020
(3075) 0061  0000000001100001 ( 109)                 .FILL x0061
(3076) 0067  0000000001100111 ( 109)                 .FILL x0067
(3077) 0061  0000000001100001 ( 109)                 .FILL x0061
(3078) 0069  0000000001101001 ( 109)                 .FILL x0069
(3079) 006E  0000000001101110 ( 109)                 .FILL x006E
(307A) 002E  0000000000101110 ( 109)                 .FILL x002E
(307B) 0000  0000000000000000 ( 109)                 .FILL x0000
(307C) 0000  0000000000000000 ( 111) GM_R0           .FILL x0000
(307D) 0000  0000000000000000 ( 120) GM_R7           .FILL x0000
(307E) 3221  0011001000100001 ( 121) UPDATE_BOARD    ST    R1 UP_R1
(307F) 3421  0011010000100001 ( 122)                 ST    R2 UP_R2
(3080) 3621  0011011000100001 ( 123)                 ST    R3 UP_R3
(3081) 3821  0011100000100001 ( 124)                 ST    R4 UP_R4
(3082) 3C22  0011110000100010 ( 125)                 ST    R6 UP_R6
(3083) 3E22  0011111000100010 ( 126)                 ST    R7 UP_R7
(3084) 5B60  0101101101100000 ( 129)                 AND   R5 R5 #0
(3085) 1B66  0001101101100110 ( 130)                 ADD   R5 R5 #6
(3086) E897  1110100010010111 ( 132)                 LEA   R4 ROW6
(3087) 1706  0001011100000110 ( 135) UB_NEXT_LEVEL   ADD   R3 R4 R6
(3088) 62FF  0110001011111111 ( 137)                 LDR   R1 R3 #-1
(3089) 2470  0010010001110000 ( 138)                 LD    R2 ASCII_NEGHYP
(308A) 1242  0001001001000010 ( 140)                 ADD   R1 R1 R2
(308B) 0403  0000010000000011 ( 141)                 BRZ   UB_LEVEL_FOUND
(308C) 1939  0001100100111001 ( 143)                 ADD   R4 R4 #-7
(308D) 1B7F  0001101101111111 ( 144)                 ADD   R5 R5 #-1
(308E) 0FF8  0000111111111000 ( 145)                 BRNZP UB_NEXT_LEVEL
(308F) 2865  0010100001100101 ( 148) UB_LEVEL_FOUND  LD    R4 TURN
(3090) 193F  0001100100111111 ( 149)                 ADD   R4 R4 #-1
(3091) 0203  0000001000000011 ( 150)                 BRP   UB_P2
(3092) 280C  0010100000001100 ( 152)                 LD    R4 ASCII_O
(3093) 78FF  0111100011111111 ( 153)                 STR   R4 R3 #-1
(3094) 0E02  0000111000000010 ( 155)                 BRNZP UB_DONE
(3095) 2808  0010100000001000 ( 157) UB_P2           LD    R4 ASCII_X
(3096) 78FF  0111100011111111 ( 158)                 STR   R4 R3 #-1
(3097) 2208  0010001000001000 ( 162) UB_DONE         LD    R1 UP_R1
(3098) 2408  0010010000001000 ( 163)                 LD    R2 UP_R2
(3099) 2608  0010011000001000 ( 164)                 LD    R3 UP_R3
(309A) 2808  0010100000001000 ( 165)                 LD    R4 UP_R4
(309B) 2C09  0010110000001001 ( 166)                 LD    R6 UP_R6
(309C) 2E09  0010111000001001 ( 167)                 LD    R7 UP_R7
(309D) C1C0  1100000111000000 ( 169)                 RET   
(309E) 0058  0000000001011000 ( 170) ASCII_X         .FILL x0058
(309F) 004F  0000000001001111 ( 171) ASCII_O         .FILL x004F
(30A0) 0000  0000000000000000 ( 173) UP_R1           .FILL x0000
(30A1) 0000  0000000000000000 ( 174) UP_R2           .FILL x0000
(30A2) 0000  0000000000000000 ( 175) UP_R3           .FILL x0000
(30A3) 0000  0000000000000000 ( 176) UP_R4           .FILL x0000
(30A4) 0000  0000000000000000 ( 177) UP_R5           .FILL x0000
(30A5) 0000  0000000000000000 ( 178) UP_R6           .FILL x0000
(30A6) 0000  0000000000000000 ( 186) UP_R7           .FILL x0000
(30A7) 300D  0011000000001101 ( 187) CHANGE_TURN     ST    R0 CT_R0
(30A8) 320D  0011001000001101 ( 188)                 ST    R1 CT_R1
(30A9) 3E0D  0011111000001101 ( 189)                 ST    R7 CT_R7
(30AA) 204A  0010000001001010 ( 191)                 LD    R0 TURN
(30AB) 123F  0001001000111111 ( 192)                 ADD   R1 R0 #-1
(30AC) 0402  0000010000000010 ( 193)                 BRZ   CT_TURN_P2
(30AD) 3247  0011001001000111 ( 195)                 ST    R1 TURN
(30AE) 0E02  0000111000000010 ( 196)                 BRNZP CT_DONE
(30AF) 1021  0001000000100001 ( 199) CT_TURN_P2      ADD   R0 R0 #1
(30B0) 3044  0011000001000100 ( 200)                 ST    R0 TURN
(30B1) 2003  0010000000000011 ( 203) CT_DONE         LD    R0 CT_R0
(30B2) 2203  0010001000000011 ( 204)                 LD    R1 CT_R1
(30B3) 2E03  0010111000000011 ( 205)                 LD    R7 CT_R7
(30B4) C1C0  1100000111000000 ( 207)                 RET   
(30B5) 0000  0000000000000000 ( 209) CT_R0           .FILL x0000
(30B6) 0000  0000000000000000 ( 210) CT_R1           .FILL x0000
(30B7) 0000  0000000000000000 ( 221) CT_R7           .FILL x0000
(30B8) 3A0E  0011101000001110 ( 222) CHECK_WINNER    ST    R5 CW_R5
(30B9) 3C0E  0011110000001110 ( 223)                 ST    R6 CW_R6
(30BA) 3E0E  0011111000001110 ( 224)                 ST    R7 CW_R7
(30BB) 5920  0101100100100000 ( 226)                 AND   R4 R4 #0
(30BC) 4914  0100100100010100 ( 228)                 JSR   CHECK_HORIZONTAL
(30BD) 1920  0001100100100000 ( 229)                 ADD   R4 R4 #0
(30BE) 0204  0000001000000100 ( 230)                 BRP   CW_DONE
(30BF) 4948  0100100101001000 ( 232)                 JSR   CHECK_VERTICAL
(30C0) 1920  0001100100100000 ( 233)                 ADD   R4 R4 #0
(30C1) 0201  0000001000000001 ( 234)                 BRP   CW_DONE
(30C2) 497C  0100100101111100 ( 236)                 JSR   CHECK_DIAGONALS
(30C3) 2A03  0010101000000011 ( 240) CW_DONE         LD    R5 CW_R5
(30C4) 2C03  0010110000000011 ( 241)                 LD    R6 CW_R6
(30C5) 2E03  0010111000000011 ( 242)                 LD    R7 CW_R7
(30C6) C1C0  1100000111000000 ( 244)                 RET   
(30C7) 0000  0000000000000000 ( 246) CW_R5           .FILL x0000
(30C8) 0000  0000000000000000 ( 247) CW_R6           .FILL x0000
(30C9) 0000  0000000000000000 ( 261) CW_R7           .FILL x0000
(30CA) 301B  0011000000011011 ( 262) UPDATE_STATE    ST    R0 US_R0
(30CB) 321B  0011001000011011 ( 263)                 ST    R1 US_R1
(30CC) 381B  0011100000011011 ( 264)                 ST    R4 US_R4
(30CD) 3E1B  0011111000011011 ( 265)                 ST    R7 US_R7
(30CE) 4FE9  0100111111101001 ( 268)                 JSR   CHECK_WINNER
(30CF) 1920  0001100100100000 ( 270)                 ADD   R4 R4 #0
(30D0) 0209  0000001000001001 ( 271)                 BRP   US_OVER
(30D1) 5DA0  0101110110100000 ( 274)                 AND   R6 R6 #0
(30D2) 2011  0010000000010001 ( 276)                 LD    R0 NBR_FILLED
(30D3) 1021  0001000000100001 ( 277)                 ADD   R0 R0 #1
(30D4) 300F  0011000000001111 ( 278)                 ST    R0 NBR_FILLED
(30D5) 220F  0010001000001111 ( 280)                 LD    R1 MAX_FILLED
(30D6) 1201  0001001000000001 ( 281)                 ADD   R1 R0 R1
(30D7) 0406  0000010000000110 ( 282)                 BRZ   US_TIE
(30D8) 4FCE  0100111111001110 ( 285) US_NOT_OVER     JSR   CHANGE_TURN
(30D9) 0E05  0000111000000101 ( 286)                 BRNZP US_DONE
(30DA) 1DA1  0001110110100001 ( 289) US_OVER         ADD   R6 R6 #1
(30DB) 2019  0010000000011001 ( 290)                 LD    R0 TURN
(30DC) 3019  0011000000011001 ( 291)                 ST    R0 WINNER
(30DD) 0E01  0000111000000001 ( 292)                 BRNZP US_DONE
(30DE) 1DA1  0001110110100001 ( 295) US_TIE          ADD   R6 R6 #1
(30DF) 2006  0010000000000110 ( 298) US_DONE         LD    R0 US_R0
(30E0) 2206  0010001000000110 ( 299)                 LD    R1 US_R1
(30E1) 2806  0010100000000110 ( 300)                 LD    R4 US_R4
(30E2) 2E06  0010111000000110 ( 301)                 LD    R7 US_R7
(30E3) C1C0  1100000111000000 ( 303)                 RET   
(30E4) 0000  0000000000000000 ( 304) NBR_FILLED      .FILL x0000
(30E5) FFDC  1111111111011100 ( 305) MAX_FILLED      .FILL xFFDC
(30E6) 0000  0000000000000000 ( 307) US_R0           .FILL x0000
(30E7) 0000  0000000000000000 ( 308) US_R1           .FILL x0000
(30E8) 0000  0000000000000000 ( 309) US_R4           .FILL x0000
(30E9) 0000  0000000000000000 ( 317) US_R7           .FILL x0000
(30EA) 3006  0011000000000110 ( 318) INIT            ST    R0 I_R0
(30EB) 3E06  0011111000000110 ( 319)                 ST    R7 I_R7
(30EC) E00E  1110000000001110 ( 321)                 LEA   R0 ROW1
(30ED) 30E2  0011000011100010 ( 322)                 ST    R0 BOARD_PTR
(30EE) 2002  0010000000000010 ( 324)                 LD    R0 I_R0
(30EF) 2E02  0010111000000010 ( 325)                 LD    R7 I_R7
(30F0) C1C0  1100000111000000 ( 327)                 RET   
(30F1) 0000  0000000000000000 ( 329) I_R0            .FILL x0000
(30F2) 0000  0000000000000000 ( 334) I_R7            .FILL x0000
(30F3) 0020  0000000000100000 ( 334) ASCII_SPACE     .FILL x0020
(30F4) 000A  0000000000001010 ( 335) ASCII_NEWLINE   .FILL x000A
(30F5) 0001  0000000000000001 ( 336) TURN            .FILL x0001
(30F6) 0000  0000000000000000 ( 337) WINNER          .FILL x0000
(30F7) FFD0  1111111111010000 ( 339) ASCII_OFFSET    .FILL xFFD0
(30F8) FFCF  1111111111001111 ( 340) ASCII_NEGONE    .FILL xFFCF
(30F9) FFCA  1111111111001010 ( 341) ASCII_NEGSIX    .FILL xFFCA
(30FA) FFD3  1111111111010011 ( 342) ASCII_NEGHYP    .FILL xFFD3
(30FB) 002D  0000000000101101 ( 344) ROW1            .FILL x002D
(30FC) 002D  0000000000101101 ( 344)                 .FILL x002D
(30FD) 002D  0000000000101101 ( 344)                 .FILL x002D
(30FE) 002D  0000000000101101 ( 344)                 .FILL x002D
(30FF) 002D  0000000000101101 ( 344)                 .FILL x002D
(3100) 002D  0000000000101101 ( 344)                 .FILL x002D
(3101) 0000  0000000000000000 ( 344)                 .FILL x0000
(3102) 002D  0000000000101101 ( 345) ROW2            .FILL x002D
(3103) 002D  0000000000101101 ( 345)                 .FILL x002D
(3104) 002D  0000000000101101 ( 345)                 .FILL x002D
(3105) 002D  0000000000101101 ( 345)                 .FILL x002D
(3106) 002D  0000000000101101 ( 345)                 .FILL x002D
(3107) 002D  0000000000101101 ( 345)                 .FILL x002D
(3108) 0000  0000000000000000 ( 345)                 .FILL x0000
(3109) 002D  0000000000101101 ( 346) ROW3            .FILL x002D
(310A) 002D  0000000000101101 ( 346)                 .FILL x002D
(310B) 002D  0000000000101101 ( 346)                 .FILL x002D
(310C) 002D  0000000000101101 ( 346)                 .FILL x002D
(310D) 002D  0000000000101101 ( 346)                 .FILL x002D
(310E) 002D  0000000000101101 ( 346)                 .FILL x002D
(310F) 0000  0000000000000000 ( 346)                 .FILL x0000
(3110) 002D  0000000000101101 ( 347) ROW4            .FILL x002D
(3111) 002D  0000000000101101 ( 347)                 .FILL x002D
(3112) 002D  0000000000101101 ( 347)                 .FILL x002D
(3113) 002D  0000000000101101 ( 347)                 .FILL x002D
(3114) 002D  0000000000101101 ( 347)                 .FILL x002D
(3115) 002D  0000000000101101 ( 347)                 .FILL x002D
(3116) 0000  0000000000000000 ( 347)                 .FILL x0000
(3117) 002D  0000000000101101 ( 348) ROW5            .FILL x002D
(3118) 002D  0000000000101101 ( 348)                 .FILL x002D
(3119) 002D  0000000000101101 ( 348)                 .FILL x002D
(311A) 002D  0000000000101101 ( 348)                 .FILL x002D
(311B) 002D  0000000000101101 ( 348)                 .FILL x002D
(311C) 002D  0000000000101101 ( 348)                 .FILL x002D
(311D) 0000  0000000000000000 ( 348)                 .FILL x0000
(311E) 002D  0000000000101101 ( 349) ROW6            .FILL x002D
(311F) 002D  0000000000101101 ( 349)                 .FILL x002D
(3120) 002D  0000000000101101 ( 349)                 .FILL x002D
(3121) 002D  0000000000101101 ( 349)                 .FILL x002D
(3122) 002D  0000000000101101 ( 349)                 .FILL x002D
(3123) 002D  0000000000101101 ( 349)                 .FILL x002D
(3124) 0000  0000000000000000 ( 349)                 .FILL x0000
(3125) 3046  0011000001000110 ( 369) DISPLAY_BOARD   ST    R0 DB_R0
(3126) 3E46  0011111001000110 ( 370)                 ST    R7 DB_R7
(3127) E3D3  1110001111010011 ( 372) Disp_R1         LEA   R1 ROW1
(3128) 6040  0110000001000000 ( 373) L1              LDR   R0 R1 #0
(3129) F021  1111000000100001 ( 374)                 TRAP  x21
(312A) 1020  0001000000100000 ( 375)                 ADD   R0 R0 #0
(312B) 0404  0000010000000100 ( 376)                 BRZ   Disp_R2
(312C) 21C6  0010000111000110 ( 377)                 LD    R0 ASCII_SPACE
(312D) F021  1111000000100001 ( 378)                 TRAP  x21
(312E) 1261  0001001001100001 ( 379)                 ADD   R1 R1 #1
(312F) 0FF8  0000111111111000 ( 380)                 BRNZP L1
(3130) 21C3  0010000111000011 ( 382) Disp_R2         LD    R0 ASCII_NEWLINE
(3131) F021  1111000000100001 ( 383)                 TRAP  x21
(3132) E3CF  1110001111001111 ( 384)                 LEA   R1 ROW2
(3133) 6040  0110000001000000 ( 385) L2              LDR   R0 R1 #0
(3134) F021  1111000000100001 ( 386)                 TRAP  x21
(3135) 1020  0001000000100000 ( 387)                 ADD   R0 R0 #0
(3136) 0404  0000010000000100 ( 388)                 BRZ   Disp_R3
(3137) 21BB  0010000110111011 ( 389)                 LD    R0 ASCII_SPACE
(3138) F021  1111000000100001 ( 390)                 TRAP  x21
(3139) 1261  0001001001100001 ( 391)                 ADD   R1 R1 #1
(313A) 0FF8  0000111111111000 ( 392)                 BRNZP L2
(313B) 21B8  0010000110111000 ( 394) Disp_R3         LD    R0 ASCII_NEWLINE
(313C) F021  1111000000100001 ( 395)                 TRAP  x21
(313D) E3CB  1110001111001011 ( 396)                 LEA   R1 ROW3
(313E) 6040  0110000001000000 ( 397) L3              LDR   R0 R1 #0
(313F) F021  1111000000100001 ( 398)                 TRAP  x21
(3140) 1020  0001000000100000 ( 399)                 ADD   R0 R0 #0
(3141) 0404  0000010000000100 ( 400)                 BRZ   Disp_R4
(3142) 21B0  0010000110110000 ( 401)                 LD    R0 ASCII_SPACE
(3143) F021  1111000000100001 ( 402)                 TRAP  x21
(3144) 1261  0001001001100001 ( 403)                 ADD   R1 R1 #1
(3145) 0FF8  0000111111111000 ( 404)                 BRNZP L3
(3146) 21AD  0010000110101101 ( 406) Disp_R4         LD    R0 ASCII_NEWLINE
(3147) F021  1111000000100001 ( 407)                 TRAP  x21
(3148) E3C7  1110001111000111 ( 408)                 LEA   R1 ROW4
(3149) 6040  0110000001000000 ( 409) L4              LDR   R0 R1 #0
(314A) F021  1111000000100001 ( 410)                 TRAP  x21
(314B) 1020  0001000000100000 ( 411)                 ADD   R0 R0 #0
(314C) 0404  0000010000000100 ( 412)                 BRZ   Disp_R5
(314D) 21A5  0010000110100101 ( 413)                 LD    R0 ASCII_SPACE
(314E) F021  1111000000100001 ( 414)                 TRAP  x21
(314F) 1261  0001001001100001 ( 415)                 ADD   R1 R1 #1
(3150) 0FF8  0000111111111000 ( 416)                 BRNZP L4
(3151) 21A2  0010000110100010 ( 418) Disp_R5         LD    R0 ASCII_NEWLINE
(3152) F021  1111000000100001 ( 419)                 TRAP  x21
(3153) E3C3  1110001111000011 ( 420)                 LEA   R1 ROW5
(3154) 6040  0110000001000000 ( 421) L5              LDR   R0 R1 #0
(3155) F021  1111000000100001 ( 422)                 TRAP  x21
(3156) 1020  0001000000100000 ( 423)                 ADD   R0 R0 #0
(3157) 0404  0000010000000100 ( 424)                 BRZ   Disp_R6
(3158) 219A  0010000110011010 ( 425)                 LD    R0 ASCII_SPACE
(3159) F021  1111000000100001 ( 426)                 TRAP  x21
(315A) 1261  0001001001100001 ( 427)                 ADD   R1 R1 #1
(315B) 0FF8  0000111111111000 ( 428)                 BRNZP L5
(315C) 2197  0010000110010111 ( 430) Disp_R6         LD    R0 ASCII_NEWLINE
(315D) F021  1111000000100001 ( 431)                 TRAP  x21
(315E) E3BF  1110001110111111 ( 432)                 LEA   R1 ROW6
(315F) 6040  0110000001000000 ( 433) L6              LDR   R0 R1 #0
(3160) F021  1111000000100001 ( 434)                 TRAP  x21
(3161) 1020  0001000000100000 ( 435)                 ADD   R0 R0 #0
(3162) 0404  0000010000000100 ( 436)                 BRZ   EndDisp
(3163) 218F  0010000110001111 ( 437)                 LD    R0 ASCII_SPACE
(3164) F021  1111000000100001 ( 438)                 TRAP  x21
(3165) 1261  0001001001100001 ( 439)                 ADD   R1 R1 #1
(3166) 0FF8  0000111111111000 ( 440)                 BRNZP L6
(3167) 218C  0010000110001100 ( 442) EndDisp         LD    R0 ASCII_NEWLINE
(3168) F021  1111000000100001 ( 443)                 TRAP  x21
(3169) 2002  0010000000000010 ( 444)                 LD    R0 DB_R0
(316A) 2E02  0010111000000010 ( 445)                 LD    R7 DB_R7
(316B) C1C0  1100000111000000 ( 447)                 RET   
(316C) 0000  0000000000000000 ( 449) DB_R0           .FILL x0000
(316D) 0000  0000000000000000 ( 458) DB_R7           .FILL x0000
(316E) 3E0E  0011111000001110 ( 459) GAME_OVER       ST    R7 GO_R7
(316F) 2386  0010001110000110 ( 460)                 LD    R1 WINNER
(3170) 127F  0001001001111111 ( 461)                 ADD   R1 R1 #-1
(3171) 0404  0000010000000100 ( 462)                 BRZ   GAMEOVER2
(3172) 0806  0000100000000110 ( 463)                 BRN   GAMEOVER3
(3173) E019  1110000000011001 ( 466) GAMEOVER1       LEA   R0 P2WINS
(3174) F022  1111000000100010 ( 467)                 TRAP  x22
(3175) 0E05  0000111000000101 ( 468)                 BRNZP GAMEOVER
(3176) E007  1110000000000111 ( 471) GAMEOVER2       LEA   R0 P1WINS
(3177) F022  1111000000100010 ( 472)                 TRAP  x22
(3178) 0E02  0000111000000010 ( 473)                 BRNZP GAMEOVER
(3179) E022  1110000000100010 ( 476) GAMEOVER3       LEA   R0 TIE
(317A) F022  1111000000100010 ( 477)                 TRAP  x22
(317B) 2E01  0010111000000001 ( 480) GAMEOVER        LD    R7 GO_R7
(317C) C1C0  1100000111000000 ( 481)                 RET   
(317D) 0000  0000000000000000 ( 483) GO_R7           .FILL x0000
(317E) 0050  0000000001010000 ( 483) P1WINS          .FILL x0050
(317F) 006C  0000000001101100 ( 483)                 .FILL x006C
(3180) 0061  0000000001100001 ( 483)                 .FILL x0061
(3181) 0079  0000000001111001 ( 483)                 .FILL x0079
(3182) 0065  0000000001100101 ( 483)                 .FILL x0065
(3183) 0072  0000000001110010 ( 483)                 .FILL x0072
(3184) 0020  0000000000100000 ( 483)                 .FILL x0020
(3185) 0031  0000000000110001 ( 483)                 .FILL x0031
(3186) 0020  0000000000100000 ( 483)                 .FILL x0020
(3187) 0057  0000000001010111 ( 483)                 .FILL x0057
(3188) 0069  0000000001101001 ( 483)                 .FILL x0069
(3189) 006E  0000000001101110 ( 483)                 .FILL x006E
(318A) 0073  0000000001110011 ( 483)                 .FILL x0073
(318B) 002E  0000000000101110 ( 483)                 .FILL x002E
(318C) 0000  0000000000000000 ( 483)                 .FILL x0000
(318D) 0050  0000000001010000 ( 484) P2WINS          .FILL x0050
(318E) 006C  0000000001101100 ( 484)                 .FILL x006C
(318F) 0061  0000000001100001 ( 484)                 .FILL x0061
(3190) 0079  0000000001111001 ( 484)                 .FILL x0079
(3191) 0065  0000000001100101 ( 484)                 .FILL x0065
(3192) 0072  0000000001110010 ( 484)                 .FILL x0072
(3193) 0020  0000000000100000 ( 484)                 .FILL x0020
(3194) 0032  0000000000110010 ( 484)                 .FILL x0032
(3195) 0020  0000000000100000 ( 484)                 .FILL x0020
(3196) 0057  0000000001010111 ( 484)                 .FILL x0057
(3197) 0069  0000000001101001 ( 484)                 .FILL x0069
(3198) 006E  0000000001101110 ( 484)                 .FILL x006E
(3199) 0073  0000000001110011 ( 484)                 .FILL x0073
(319A) 002E  0000000000101110 ( 484)                 .FILL x002E
(319B) 0000  0000000000000000 ( 484)                 .FILL x0000
(319C) 0054  0000000001010100 ( 485) TIE             .FILL x0054
(319D) 0068  0000000001101000 ( 485)                 .FILL x0068
(319E) 0065  0000000001100101 ( 485)                 .FILL x0065
(319F) 0072  0000000001110010 ( 485)                 .FILL x0072
(31A0) 0065  0000000001100101 ( 485)                 .FILL x0065
(31A1) 0020  0000000000100000 ( 485)                 .FILL x0020
(31A2) 0069  0000000001101001 ( 485)                 .FILL x0069
(31A3) 0073  0000000001110011 ( 485)                 .FILL x0073
(31A4) 0020  0000000000100000 ( 485)                 .FILL x0020
(31A5) 0061  0000000001100001 ( 485)                 .FILL x0061
(31A6) 0020  0000000000100000 ( 485)                 .FILL x0020
(31A7) 0074  0000000001110100 ( 485)                 .FILL x0074
(31A8) 0069  0000000001101001 ( 485)                 .FILL x0069
(31A9) 0065  0000000001100101 ( 485)                 .FILL x0065
(31AA) 002E  0000000000101110 ( 485)                 .FILL x002E
(31AB) 0000  0000000000000000 ( 485)                 .FILL x0000
(31AC) 301E  0011000000011110 ( 494) CHECK_VALID     ST    R0 CV_R0
(31AD) 321E  0011001000011110 ( 495)                 ST    R1 CV_R1
(31AE) 341E  0011010000011110 ( 496)                 ST    R2 CV_R2
(31AF) 361E  0011011000011110 ( 497)                 ST    R3 CV_R3
(31B0) 3E1E  0011111000011110 ( 498)                 ST    R7 CV_R7
(31B1) 2346  0010001101000110 ( 500)                 LD    R1 ASCII_NEGONE
(31B2) 2546  0010010101000110 ( 501)                 LD    R2 ASCII_NEGSIX
(31B3) 1201  0001001000000001 ( 502)                 ADD   R1 R0 R1
(31B4) 080E  0000100000001110 ( 503)                 BRN   Not_Valid
(31B5) 1402  0001010000000010 ( 504)                 ADD   R2 R0 R2
(31B6) 020C  0000001000001100 ( 505)                 BRP   Not_Valid
(31B7) E343  1110001101000011 ( 507)                 LEA   R1 ROW1
(31B8) 273E  0010011100111110 ( 508)                 LD    R3 ASCII_OFFSET
(31B9) 1603  0001011000000011 ( 509)                 ADD   R3 R0 R3
(31BA) 1243  0001001001000011 ( 510)                 ADD   R1 R1 R3
(31BB) 127F  0001001001111111 ( 511)                 ADD   R1 R1 #-1
(31BC) 6440  0110010001000000 ( 512)                 LDR   R2 R1 #0
(31BD) 273C  0010011100111100 ( 513)                 LD    R3 ASCII_NEGHYP
(31BE) 1483  0001010010000011 ( 514)                 ADD   R2 R2 R3
(31BF) 0A03  0000101000000011 ( 515)                 BRNP  Not_Valid
(31C0) 2736  0010011100110110 ( 518) Valid           LD    R3 ASCII_OFFSET
(31C1) 1C03  0001110000000011 ( 519)                 ADD   R6 R0 R3
(31C2) 0E02  0000111000000010 ( 520)                 BRNZP End_Check
(31C3) 5DA0  0101110110100000 ( 524) Not_Valid       AND   R6 R6 #0
(31C4) 0E00  0000111000000000 ( 525)                 BRNZP End_Check
(31C5) 2005  0010000000000101 ( 528) End_Check       LD    R0 CV_R0
(31C6) 2205  0010001000000101 ( 529)                 LD    R1 CV_R1
(31C7) 2405  0010010000000101 ( 530)                 LD    R2 CV_R2
(31C8) 2605  0010011000000101 ( 531)                 LD    R3 CV_R3
(31C9) 2E05  0010111000000101 ( 532)                 LD    R7 CV_R7
(31CA) C1C0  1100000111000000 ( 534)                 RET   
(31CB) 0000  0000000000000000 ( 536) CV_R0           .FILL x0000
(31CC) 0000  0000000000000000 ( 537) CV_R1           .FILL x0000
(31CD) 0000  0000000000000000 ( 538) CV_R2           .FILL x0000
(31CE) 0000  0000000000000000 ( 539) CV_R3           .FILL x0000
(31CF) 0000  0000000000000000 ( 544) CV_R7           .FILL x0000
(31D0) 0000  0000000000000000 ( 557) BOARD_PTR       .FILL x0000
(31D1) 302F  0011000000101111 ( 558) CHECK_HORIZONTAL ST    R0 CH_R0
(31D2) 322F  0011001000101111 ( 559)                 ST    R1 CH_R1
(31D3) 342F  0011010000101111 ( 560)                 ST    R2 CH_R2
(31D4) 362F  0011011000101111 ( 561)                 ST    R3 CH_R3
(31D5) 3A2F  0011101000101111 ( 562)                 ST    R5 CH_R5
(31D6) 3C2F  0011110000101111 ( 563)                 ST    R6 CH_R6
(31D7) 3E2F  0011111000101111 ( 564)                 ST    R7 CH_R7
(31D8) 5260  0101001001100000 ( 566)                 AND   R1 R1 #0
(31D9) 127D  0001001001111101 ( 567)                 ADD   R1 R1 #-3
(31DA) 25F5  0010010111110101 ( 568)                 LD    R2 BOARD_PTR
(31DB) 1B7F  0001101101111111 ( 569)                 ADD   R5 R5 #-1
(31DC) 0403  0000010000000011 ( 570) Get_Row         BRZ   L7
(31DD) 14A7  0001010010100111 ( 571)                 ADD   R2 R2 #7
(31DE) 1B7F  0001101101111111 ( 572)                 ADD   R5 R5 #-1
(31DF) 0FFC  0000111111111100 ( 573)                 BRNZP Get_Row
(31E0) 1486  0001010010000110 ( 575) L7              ADD   R2 R2 R6
(31E1) 14BF  0001010010111111 ( 576)                 ADD   R2 R2 #-1
(31E2) 6680  0110011010000000 ( 577)                 LDR   R3 R2 #0
(31E3) 96FF  1001011011111111 ( 578)                 NOT   R3 R3
(31E4) 16E1  0001011011100001 ( 579)                 ADD   R3 R3 #1
(31E5) 1EA0  0001111010100000 ( 581)                 ADD   R7 R2 #0
(31E6) 69C1  0110100111000001 ( 582) L8              LDR   R4 R7 #1
(31E7) 1903  0001100100000011 ( 583)                 ADD   R4 R4 R3
(31E8) 0A04  0000101000000100 ( 584)                 BRNP  A1
(31E9) 1FE1  0001111111100001 ( 585)                 ADD   R7 R7 #1
(31EA) 1261  0001001001100001 ( 586)                 ADD   R1 R1 #1
(31EB) 040B  0000010000001011 ( 587)                 BRZ   Horiz_Win
(31EC) 0FF9  0000111111111001 ( 588)                 BRNZP L8
(31ED) 1EA0  0001111010100000 ( 590) A1              ADD   R7 R2 #0
(31EE) 69FF  0110100111111111 ( 591) L9              LDR   R4 R7 #-1
(31EF) 1903  0001100100000011 ( 592)                 ADD   R4 R4 R3
(31F0) 0A04  0000101000000100 ( 593)                 BRNP  Horiz_NoWin
(31F1) 1FFF  0001111111111111 ( 594)                 ADD   R7 R7 #-1
(31F2) 1261  0001001001100001 ( 595)                 ADD   R1 R1 #1
(31F3) 0403  0000010000000011 ( 596)                 BRZ   Horiz_Win
(31F4) 0FF9  0000111111111001 ( 597)                 BRNZP L9
(31F5) 5920  0101100100100000 ( 601) Horiz_NoWin     AND   R4 R4 #0
(31F6) 0E02  0000111000000010 ( 602)                 BRNZP Done_CheckHoriz
(31F7) 5920  0101100100100000 ( 605) Horiz_Win       AND   R4 R4 #0
(31F8) 1921  0001100100100001 ( 606)                 ADD   R4 R4 #1
(31F9) 2007  0010000000000111 ( 609) Done_CheckHoriz LD    R0 CH_R0
(31FA) 2207  0010001000000111 ( 610)                 LD    R1 CH_R1
(31FB) 2407  0010010000000111 ( 611)                 LD    R2 CH_R2
(31FC) 2607  0010011000000111 ( 612)                 LD    R3 CH_R3
(31FD) 2A07  0010101000000111 ( 613)                 LD    R5 CH_R5
(31FE) 2C07  0010110000000111 ( 614)                 LD    R6 CH_R6
(31FF) 2E07  0010111000000111 ( 615)                 LD    R7 CH_R7
(3200) C1C0  1100000111000000 ( 616)                 RET   
(3201) 0000  0000000000000000 ( 618) CH_R0           .FILL x0000
(3202) 0000  0000000000000000 ( 619) CH_R1           .FILL x0000
(3203) 0000  0000000000000000 ( 620) CH_R2           .FILL x0000
(3204) 0000  0000000000000000 ( 621) CH_R3           .FILL x0000
(3205) 0000  0000000000000000 ( 622) CH_R5           .FILL x0000
(3206) 0000  0000000000000000 ( 623) CH_R6           .FILL x0000
(3207) 0000  0000000000000000 ( 632) CH_R7           .FILL x0000
(3208) 302F  0011000000101111 ( 633) CHECK_VERTICAL  ST    R0 CV1_R0
(3209) 322F  0011001000101111 ( 634)                 ST    R1 CV1_R1
(320A) 342F  0011010000101111 ( 635)                 ST    R2 CV1_R2
(320B) 362F  0011011000101111 ( 636)                 ST    R3 CV1_R3
(320C) 3A2F  0011101000101111 ( 637)                 ST    R5 CV1_R5
(320D) 3C2F  0011110000101111 ( 638)                 ST    R6 CV1_R6
(320E) 3E2F  0011111000101111 ( 639)                 ST    R7 CV1_R7
(320F) 5260  0101001001100000 ( 641)                 AND   R1 R1 #0
(3210) 127D  0001001001111101 ( 642)                 ADD   R1 R1 #-3
(3211) 25BE  0010010110111110 ( 643)                 LD    R2 BOARD_PTR
(3212) 1B7F  0001101101111111 ( 644)                 ADD   R5 R5 #-1
(3213) 0403  0000010000000011 ( 646) Get_Row1        BRZ   L10
(3214) 14A7  0001010010100111 ( 647)                 ADD   R2 R2 #7
(3215) 1B7F  0001101101111111 ( 648)                 ADD   R5 R5 #-1
(3216) 0FFC  0000111111111100 ( 649)                 BRNZP Get_Row1
(3217) 1486  0001010010000110 ( 651) L10             ADD   R2 R2 R6
(3218) 14BF  0001010010111111 ( 652)                 ADD   R2 R2 #-1
(3219) 6680  0110011010000000 ( 653)                 LDR   R3 R2 #0
(321A) 96FF  1001011011111111 ( 654)                 NOT   R3 R3
(321B) 16E1  0001011011100001 ( 655)                 ADD   R3 R3 #1
(321C) 1EA0  0001111010100000 ( 657)                 ADD   R7 R2 #0
(321D) 69C7  0110100111000111 ( 658) L11             LDR   R4 R7 #7
(321E) 1903  0001100100000011 ( 659)                 ADD   R4 R4 R3
(321F) 0A04  0000101000000100 ( 660)                 BRNP  A2
(3220) 1FE7  0001111111100111 ( 661)                 ADD   R7 R7 #7
(3221) 1261  0001001001100001 ( 662)                 ADD   R1 R1 #1
(3222) 040B  0000010000001011 ( 663)                 BRZ   Vert_Win
(3223) 0FF9  0000111111111001 ( 664)                 BRNZP L11
(3224) 1EA0  0001111010100000 ( 666) A2              ADD   R7 R2 #0
(3225) 69F9  0110100111111001 ( 667) L12             LDR   R4 R7 #-7
(3226) 1903  0001100100000011 ( 668)                 ADD   R4 R4 R3
(3227) 0A04  0000101000000100 ( 669)                 BRNP  Vert_NoWin
(3228) 1FF9  0001111111111001 ( 670)                 ADD   R7 R7 #-7
(3229) 1261  0001001001100001 ( 671)                 ADD   R1 R1 #1
(322A) 0403  0000010000000011 ( 672)                 BRZ   Vert_Win
(322B) 0FF9  0000111111111001 ( 673)                 BRNZP L12
(322C) 5920  0101100100100000 ( 675) Vert_NoWin      AND   R4 R4 #0
(322D) 0E02  0000111000000010 ( 676)                 BRNZP Done_CheckVert
(322E) 5920  0101100100100000 ( 679) Vert_Win        AND   R4 R4 #0
(322F) 1921  0001100100100001 ( 680)                 ADD   R4 R4 #1
(3230) 2007  0010000000000111 ( 683) Done_CheckVert  LD    R0 CV1_R0
(3231) 2207  0010001000000111 ( 684)                 LD    R1 CV1_R1
(3232) 2407  0010010000000111 ( 685)                 LD    R2 CV1_R2
(3233) 2607  0010011000000111 ( 686)                 LD    R3 CV1_R3
(3234) 2A07  0010101000000111 ( 687)                 LD    R5 CV1_R5
(3235) 2C07  0010110000000111 ( 688)                 LD    R6 CV1_R6
(3236) 2E07  0010111000000111 ( 689)                 LD    R7 CV1_R7
(3237) C1C0  1100000111000000 ( 690)                 RET   
(3238) 0000  0000000000000000 ( 692) CV1_R0          .FILL x0000
(3239) 0000  0000000000000000 ( 693) CV1_R1          .FILL x0000
(323A) 0000  0000000000000000 ( 694) CV1_R2          .FILL x0000
(323B) 0000  0000000000000000 ( 695) CV1_R3          .FILL x0000
(323C) 0000  0000000000000000 ( 696) CV1_R5          .FILL x0000
(323D) 0000  0000000000000000 ( 697) CV1_R6          .FILL x0000
(323E) 0000  0000000000000000 ( 707) CV1_R7          .FILL x0000
(323F) 301F  0011000000011111 ( 708) CHECK_DIAGONALS ST    R0 CD_R0
(3240) 321F  0011001000011111 ( 709)                 ST    R1 CD_R1
(3241) 341F  0011010000011111 ( 710)                 ST    R2 CD_R2
(3242) 361F  0011011000011111 ( 711)                 ST    R3 CD_R3
(3243) 3A1F  0011101000011111 ( 712)                 ST    R5 CD_R5
(3244) 3C1F  0011110000011111 ( 713)                 ST    R6 CD_R6
(3245) 3E1F  0011111000011111 ( 714)                 ST    R7 CD_R7
(3246) 5260  0101001001100000 ( 716)                 AND   R1 R1 #0
(3247) 127D  0001001001111101 ( 717)                 ADD   R1 R1 #-3
(3248) 2587  0010010110000111 ( 718)                 LD    R2 BOARD_PTR
(3249) 1B7F  0001101101111111 ( 719)                 ADD   R5 R5 #-1
(324A) 0403  0000010000000011 ( 721) Get_Row2        BRZ   L13
(324B) 14A7  0001010010100111 ( 722)                 ADD   R2 R2 #7
(324C) 1B7F  0001101101111111 ( 723)                 ADD   R5 R5 #-1
(324D) 0FFC  0000111111111100 ( 724)                 BRNZP Get_Row2
(324E) 1486  0001010010000110 ( 726) L13             ADD   R2 R2 R6
(324F) 14BF  0001010010111111 ( 727)                 ADD   R2 R2 #-1
(3250) 6680  0110011010000000 ( 728)                 LDR   R3 R2 #0
(3251) 96FF  1001011011111111 ( 729)                 NOT   R3 R3
(3252) 16E1  0001011011100001 ( 730)                 ADD   R3 R3 #1
(3253) 4812  0100100000010010 ( 732)                 JSR   CHECK_D1
(3254) 1920  0001100100100000 ( 733)                 ADD   R4 R4 #0
(3255) 0201  0000001000000001 ( 734)                 BRP   Done_CheckDiag
(3256) 4839  0100100000111001 ( 735)                 JSR   CHECK_D2
(3257) 2007  0010000000000111 ( 738) Done_CheckDiag  LD    R0 CD_R0
(3258) 2207  0010001000000111 ( 739)                 LD    R1 CD_R1
(3259) 2407  0010010000000111 ( 740)                 LD    R2 CD_R2
(325A) 2607  0010011000000111 ( 741)                 LD    R3 CD_R3
(325B) 2A07  0010101000000111 ( 742)                 LD    R5 CD_R5
(325C) 2C07  0010110000000111 ( 743)                 LD    R6 CD_R6
(325D) 2E07  0010111000000111 ( 744)                 LD    R7 CD_R7
(325E) C1C0  1100000111000000 ( 745)                 RET   
(325F) 0000  0000000000000000 ( 747) CD_R0           .FILL x0000
(3260) 0000  0000000000000000 ( 748) CD_R1           .FILL x0000
(3261) 0000  0000000000000000 ( 749) CD_R2           .FILL x0000
(3262) 0000  0000000000000000 ( 750) CD_R3           .FILL x0000
(3263) 0000  0000000000000000 ( 751) CD_R5           .FILL x0000
(3264) 0000  0000000000000000 ( 752) CD_R6           .FILL x0000
(3265) 0000  0000000000000000 ( 762) CD_R7           .FILL x0000
(3266) 3022  0011000000100010 ( 763) CHECK_D1        ST    R0 CD1_R0
(3267) 3222  0011001000100010 ( 764)                 ST    R1 CD1_R1
(3268) 3422  0011010000100010 ( 765)                 ST    R2 CD1_R2
(3269) 3622  0011011000100010 ( 766)                 ST    R3 CD1_R3
(326A) 3A22  0011101000100010 ( 767)                 ST    R5 CD1_R5
(326B) 3C22  0011110000100010 ( 768)                 ST    R6 CD1_R6
(326C) 3E22  0011111000100010 ( 769)                 ST    R7 CD1_R7
(326D) 1EA0  0001111010100000 ( 771)                 ADD   R7 R2 #0
(326E) 69C8  0110100111001000 ( 772) L14             LDR   R4 R7 #8
(326F) 1903  0001100100000011 ( 773)                 ADD   R4 R4 R3
(3270) 0A04  0000101000000100 ( 774)                 BRNP  A3
(3271) 1FE8  0001111111101000 ( 775)                 ADD   R7 R7 #8
(3272) 1261  0001001001100001 ( 776)                 ADD   R1 R1 #1
(3273) 040B  0000010000001011 ( 777)                 BRZ   Diag_Win
(3274) 0FF9  0000111111111001 ( 778)                 BRNZP L14
(3275) 1EA0  0001111010100000 ( 780) A3              ADD   R7 R2 #0
(3276) 69F8  0110100111111000 ( 781) L15             LDR   R4 R7 #-8
(3277) 1903  0001100100000011 ( 782)                 ADD   R4 R4 R3
(3278) 0A04  0000101000000100 ( 783)                 BRNP  Diag_NoWin
(3279) 1FF8  0001111111111000 ( 784)                 ADD   R7 R7 #-8
(327A) 1261  0001001001100001 ( 785)                 ADD   R1 R1 #1
(327B) 0403  0000010000000011 ( 786)                 BRZ   Diag_Win
(327C) 0FF9  0000111111111001 ( 787)                 BRNZP L15
(327D) 5920  0101100100100000 ( 790) Diag_NoWin      AND   R4 R4 #0
(327E) 0E02  0000111000000010 ( 791)                 BRNZP Done_CheckDiag1
(327F) 5920  0101100100100000 ( 794) Diag_Win        AND   R4 R4 #0
(3280) 1921  0001100100100001 ( 795)                 ADD   R4 R4 #1
(3281) 2007  0010000000000111 ( 797) Done_CheckDiag1 LD    R0 CD1_R0
(3282) 2207  0010001000000111 ( 798)                 LD    R1 CD1_R1
(3283) 2407  0010010000000111 ( 799)                 LD    R2 CD1_R2
(3284) 2607  0010011000000111 ( 800)                 LD    R3 CD1_R3
(3285) 2A07  0010101000000111 ( 801)                 LD    R5 CD1_R5
(3286) 2C07  0010110000000111 ( 802)                 LD    R6 CD1_R6
(3287) 2E07  0010111000000111 ( 803)                 LD    R7 CD1_R7
(3288) C1C0  1100000111000000 ( 804)                 RET   
(3289) 0000  0000000000000000 ( 806) CD1_R0          .FILL x0000
(328A) 0000  0000000000000000 ( 807) CD1_R1          .FILL x0000
(328B) 0000  0000000000000000 ( 808) CD1_R2          .FILL x0000
(328C) 0000  0000000000000000 ( 809) CD1_R3          .FILL x0000
(328D) 0000  0000000000000000 ( 810) CD1_R5          .FILL x0000
(328E) 0000  0000000000000000 ( 811) CD1_R6          .FILL x0000
(328F) 0000  0000000000000000 ( 820) CD1_R7          .FILL x0000
(3290) 3022  0011000000100010 ( 821) CHECK_D2        ST    R0 CD2_R0
(3291) 3222  0011001000100010 ( 822)                 ST    R1 CD2_R1
(3292) 3422  0011010000100010 ( 823)                 ST    R2 CD2_R2
(3293) 3622  0011011000100010 ( 824)                 ST    R3 CD2_R3
(3294) 3A22  0011101000100010 ( 825)                 ST    R5 CD2_R5
(3295) 3C22  0011110000100010 ( 826)                 ST    R6 CD2_R6
(3296) 3E22  0011111000100010 ( 827)                 ST    R7 CD2_R7
(3297) 1EA0  0001111010100000 ( 829)                 ADD   R7 R2 #0
(3298) 69C6  0110100111000110 ( 830) L16             LDR   R4 R7 #6
(3299) 1903  0001100100000011 ( 831)                 ADD   R4 R4 R3
(329A) 0A04  0000101000000100 ( 832)                 BRNP  A4
(329B) 1FE6  0001111111100110 ( 833)                 ADD   R7 R7 #6
(329C) 1261  0001001001100001 ( 834)                 ADD   R1 R1 #1
(329D) 040B  0000010000001011 ( 835)                 BRZ   Diag_Win1
(329E) 0FF9  0000111111111001 ( 836)                 BRNZP L16
(329F) 1EA0  0001111010100000 ( 838) A4              ADD   R7 R2 #0
(32A0) 69FA  0110100111111010 ( 839) L17             LDR   R4 R7 #-6
(32A1) 1903  0001100100000011 ( 840)                 ADD   R4 R4 R3
(32A2) 0A04  0000101000000100 ( 841)                 BRNP  Diag_NoWin1
(32A3) 1FFA  0001111111111010 ( 842)                 ADD   R7 R7 #-6
(32A4) 1261  0001001001100001 ( 843)                 ADD   R1 R1 #1
(32A5) 0403  0000010000000011 ( 844)                 BRZ   Diag_Win1
(32A6) 0FF9  0000111111111001 ( 845)                 BRNZP L17
(32A7) 5920  0101100100100000 ( 848) Diag_NoWin1     AND   R4 R4 #0
(32A8) 0E02  0000111000000010 ( 849)                 BRNZP Done_CheckDiag2
(32A9) 5920  0101100100100000 ( 852) Diag_Win1       AND   R4 R4 #0
(32AA) 1921  0001100100100001 ( 853)                 ADD   R4 R4 #1
(32AB) 2007  0010000000000111 ( 855) Done_CheckDiag2 LD    R0 CD2_R0
(32AC) 2207  0010001000000111 ( 856)                 LD    R1 CD2_R1
(32AD) 2407  0010010000000111 ( 857)                 LD    R2 CD2_R2
(32AE) 2607  0010011000000111 ( 858)                 LD    R3 CD2_R3
(32AF) 2A07  0010101000000111 ( 859)                 LD    R5 CD2_R5
(32B0) 2C07  0010110000000111 ( 860)                 LD    R6 CD2_R6
(32B1) 2E07  0010111000000111 ( 861)                 LD    R7 CD2_R7
(32B2) C1C0  1100000111000000 ( 862)                 RET   
(32B3) 0000  0000000000000000 ( 864) CD2_R0          .FILL x0000
(32B4) 0000  0000000000000000 ( 865) CD2_R1          .FILL x0000
(32B5) 0000  0000000000000000 ( 866) CD2_R2          .FILL x0000
(32B6) 0000  0000000000000000 ( 867) CD2_R3          .FILL x0000
(32B7) 0000  0000000000000000 ( 868) CD2_R5          .FILL x0000
(32B8) 0000  0000000000000000 ( 869) CD2_R6          .FILL x0000
(32B9) 0000  0000000000000000 ( 871) CD2_R7          .FILL x0000
